<?xml version="1.0" encoding="UTF-8"?>
<robot generator="Robot 6.0.1 (Python 3.10.7 on win32)" generated="20230127 15:28:52.466" rpa="false" schemaversion="3">
<suite id="s1" name="Keywords avec return" source="c:\Users\boudr\Desktop\robot_keyword_project\Test_cases\Keywords_avec_return.robot">
<test id="s1-t1" name="Login Test" line="9">
<kw name="Lancer le navigateur">
<var>${Titre}</var>
<arg>${URL}</arg>
<arg>${BROWSER}</arg>
<kw name="Open Browser" library="SeleniumLibrary">
<arg>${URL1}</arg>
<arg>${BROWSER1}</arg>
<doc>Opens a new browser instance to the optional ``url``.</doc>
<msg timestamp="20230127 15:28:52.838" level="INFO">Opening browser 'chrome' to base url 'https://admin-demo.nopcommerce.com'.</msg>
<status status="PASS" starttime="20230127 15:28:52.837" endtime="20230127 15:28:55.602"/>
</kw>
<kw name="Maximize Browser Window" library="SeleniumLibrary">
<doc>Maximizes current browser window.</doc>
<status status="PASS" starttime="20230127 15:28:55.603" endtime="20230127 15:28:55.735"/>
</kw>
<kw name="Get Title" library="SeleniumLibrary">
<var>${Titre_page}</var>
<doc>Returns the title of the current page.</doc>
<msg timestamp="20230127 15:28:55.761" level="INFO">${Titre_page} = Your store. Login</msg>
<status status="PASS" starttime="20230127 15:28:55.737" endtime="20230127 15:28:55.762"/>
</kw>
<msg timestamp="20230127 15:28:55.763" level="INFO">${Titre} = Your store. Login</msg>
<status status="PASS" starttime="20230127 15:28:52.836" endtime="20230127 15:28:55.763"/>
</kw>
<kw name="Log To Console" library="BuiltIn">
<arg>${Titre}</arg>
<doc>Logs the given message to the console.</doc>
<status status="PASS" starttime="20230127 15:28:55.765" endtime="20230127 15:28:55.767"/>
</kw>
<kw name="Input Text" library="SeleniumLibrary">
<arg>id:Email</arg>
<arg>admin@yourstore.com</arg>
<doc>Types the given ``text`` into the text field identified by ``locator``.</doc>
<msg timestamp="20230127 15:28:55.769" level="INFO">Typing text 'admin@yourstore.com' into text field 'id:Email'.</msg>
<status status="PASS" starttime="20230127 15:28:55.767" endtime="20230127 15:28:55.904"/>
</kw>
<kw name="Input Password" library="SeleniumLibrary">
<arg>id:Password</arg>
<arg>admin</arg>
<doc>Types the given password into the text field identified by ``locator``.</doc>
<msg timestamp="20230127 15:28:55.908" level="INFO">Typing password into text field 'id:Password'.</msg>
<msg timestamp="20230127 15:28:55.954" level="INFO">Temporally setting log level to: NONE</msg>
<msg timestamp="20230127 15:28:56.001" level="INFO">Log level changed from NONE to INFO.</msg>
<status status="PASS" starttime="20230127 15:28:55.906" endtime="20230127 15:28:56.001"/>
</kw>
<kw name="Click Button" library="SeleniumLibrary">
<arg>xpath://button[@type="submit"]</arg>
<doc>Clicks the button identified by ``locator``.</doc>
<msg timestamp="20230127 15:28:56.004" level="INFO">Clicking button 'xpath://button[@type="submit"]'.</msg>
<status status="PASS" starttime="20230127 15:28:56.002" endtime="20230127 15:28:57.707"/>
</kw>
<status status="PASS" starttime="20230127 15:28:52.835" endtime="20230127 15:28:57.708"/>
</test>
<status status="PASS" starttime="20230127 15:28:52.472" endtime="20230127 15:28:57.710"/>
</suite>
<statistics>
<total>
<stat pass="1" fail="0" skip="0">All Tests</stat>
</total>
<tag>
</tag>
<suite>
<stat pass="1" fail="0" skip="0" id="s1" name="Keywords avec return">Keywords avec return</stat>
</suite>
</statistics>
<errors>
</errors>
</robot>
