<?xml version="1.0" encoding="UTF-8"?>
<robot generator="Robot 6.0.1 (Python 3.10.7 on win32)" generated="20230127 13:45:39.015" rpa="false" schemaversion="3">
<suite id="s1" name="Keywords avec argmument" source="C:\Users\boudr\Desktop\robot_keyword_project\Test_cases\Keywords_avec_argmument.robot">
<test id="s1-t1" name="Login Test" line="9">
<kw name="Lancer le navigateur">
<arg>${URL}</arg>
<arg>${BROWSER}</arg>
<kw name="Open Browser" library="SeleniumLibrary">
<arg>${UR_SITE}</arg>
<arg>${NAVIGATEUR}</arg>
<doc>Opens a new browser instance to the optional ``url``.</doc>
<msg timestamp="20230127 13:45:39.300" level="INFO">Opening browser 'chrome' to base url 'https://admin-demo.nopcommerce.com'.</msg>
<status status="PASS" starttime="20230127 13:45:39.299" endtime="20230127 13:45:41.987"/>
</kw>
<kw name="Maximize Browser Window" library="SeleniumLibrary">
<doc>Maximizes current browser window.</doc>
<status status="PASS" starttime="20230127 13:45:41.987" endtime="20230127 13:45:42.113"/>
</kw>
<status status="PASS" starttime="20230127 13:45:39.298" endtime="20230127 13:45:42.113"/>
</kw>
<kw name="Input Text" library="SeleniumLibrary">
<arg>id:Email</arg>
<arg>admin@yourstore.com</arg>
<doc>Types the given ``text`` into the text field identified by ``locator``.</doc>
<msg timestamp="20230127 13:45:42.123" level="INFO">Typing text 'admin@yourstore.com' into text field 'id:Email'.</msg>
<status status="PASS" starttime="20230127 13:45:42.118" endtime="20230127 13:45:42.244"/>
</kw>
<kw name="Input Password" library="SeleniumLibrary">
<arg>id:Password</arg>
<arg>admin</arg>
<doc>Types the given password into the text field identified by ``locator``.</doc>
<msg timestamp="20230127 13:45:42.246" level="INFO">Typing password into text field 'id:Password'.</msg>
<msg timestamp="20230127 13:45:42.300" level="INFO">Temporally setting log level to: NONE</msg>
<msg timestamp="20230127 13:45:42.338" level="INFO">Log level changed from NONE to INFO.</msg>
<status status="PASS" starttime="20230127 13:45:42.244" endtime="20230127 13:45:42.338"/>
</kw>
<kw name="Click Button" library="SeleniumLibrary">
<arg>xpath://button[@type="submit"]</arg>
<doc>Clicks the button identified by ``locator``.</doc>
<msg timestamp="20230127 13:45:42.339" level="INFO">Clicking button 'xpath://button[@type="submit"]'.</msg>
<status status="PASS" starttime="20230127 13:45:42.339" endtime="20230127 13:45:44.092"/>
</kw>
<status status="PASS" starttime="20230127 13:45:39.297" endtime="20230127 13:45:44.092"/>
</test>
<status status="PASS" starttime="20230127 13:45:39.017" endtime="20230127 13:45:44.094"/>
</suite>
<statistics>
<total>
<stat pass="1" fail="0" skip="0">All Tests</stat>
</total>
<tag>
</tag>
<suite>
<stat pass="1" fail="0" skip="0" id="s1" name="Keywords avec argmument">Keywords avec argmument</stat>
</suite>
</statistics>
<errors>
</errors>
</robot>
